<?xml version="1.0" encoding="UTF-8"?>
<!-- Generated by org.testng.reporters.JUnitXMLReporter -->
<testsuite ignored="0" hostname="LAPTOP-LB302OQG" failures="0" tests="4" name="Test" time="47.378" errors="0" timestamp="2024-07-23T07:52:19 IST">
  <testcase classname="selenium.project.v3.CreateLead" name="runCreate" time="4.713"/>
  <testcase classname="selenium.project.v3.CreateLead" name="runCreate" time="4.806"/>
  <testcase classname="selenium.project.v3.CreateLead" name="runCreate" time="4.905"/>
  <testcase classname="selenium.project.v3.CreateLead" name="runCreate" time="4.789"/>
</testsuite> <!-- Test -->
